<?xml version="1.0" encoding="UTF-8"?>
<robot generator="Robot 7.2.2 (Python 3.12.8 on darwin)" generated="2025-02-13T12:59:02.696431" rpa="false" schemaversion="5">
<suite id="s1" name="Tugas Rbf Basic Hanif" source="/Users/user/Desktop/tugas-rbf-basic/tugas_rbf_basic_hanif.robot">
<test id="s1-t1" name="Looping Ganjil Genap dengan For Loop di Robot Framework" line="4">
<for flavor="IN RANGE">
<iter>
<kw name="Log" owner="BuiltIn">
<msg time="2025-02-13T12:59:02.714536" level="INFO">Iterasi ke-1</msg>
<arg>Iterasi ke-${i}</arg>
<doc>Logs the given message with the given level.</doc>
<status status="PASS" start="2025-02-13T12:59:02.714431" elapsed="0.000144"/>
</kw>
<kw name="Evaluate" owner="BuiltIn">
<msg time="2025-02-13T12:59:02.714761" level="INFO">${hasil} = 1</msg>
<var>${hasil}</var>
<arg>${i} % 2</arg>
<doc>Evaluates the given expression in Python and returns the result.</doc>
<status status="PASS" start="2025-02-13T12:59:02.714644" elapsed="0.000131"/>
</kw>
<if>
<branch type="IF" condition="${hasil} == ${0}">
<kw name="Log" owner="BuiltIn">
<arg>${i}-Genap</arg>
<doc>Logs the given message with the given level.</doc>
<status status="NOT RUN" start="2025-02-13T12:59:02.715045" elapsed="0.000011"/>
</kw>
<status status="NOT RUN" start="2025-02-13T12:59:02.714823" elapsed="0.000250"/>
</branch>
<branch type="ELSE">
<kw name="Log" owner="BuiltIn">
<msg time="2025-02-13T12:59:02.715189" level="INFO">1-Ganjil</msg>
<arg>${i}-Ganjil</arg>
<doc>Logs the given message with the given level.</doc>
<status status="PASS" start="2025-02-13T12:59:02.715127" elapsed="0.000087"/>
</kw>
<status status="PASS" start="2025-02-13T12:59:02.715088" elapsed="0.000142"/>
</branch>
<status status="PASS" start="2025-02-13T12:59:02.714809" elapsed="0.000432"/>
</if>
<var name="${i}">1</var>
<status status="PASS" start="2025-02-13T12:59:02.714188" elapsed="0.001066"/>
</iter>
<iter>
<kw name="Log" owner="BuiltIn">
<msg time="2025-02-13T12:59:02.715480" level="INFO">Iterasi ke-2</msg>
<arg>Iterasi ke-${i}</arg>
<doc>Logs the given message with the given level.</doc>
<status status="PASS" start="2025-02-13T12:59:02.715365" elapsed="0.000135"/>
</kw>
<kw name="Evaluate" owner="BuiltIn">
<msg time="2025-02-13T12:59:02.715625" level="INFO">${hasil} = 0</msg>
<var>${hasil}</var>
<arg>${i} % 2</arg>
<doc>Evaluates the given expression in Python and returns the result.</doc>
<status status="PASS" start="2025-02-13T12:59:02.715544" elapsed="0.000092"/>
</kw>
<if>
<branch type="IF" condition="${hasil} == ${0}">
<kw name="Log" owner="BuiltIn">
<msg time="2025-02-13T12:59:02.715899" level="INFO">2-Genap</msg>
<arg>${i}-Genap</arg>
<doc>Logs the given message with the given level.</doc>
<status status="PASS" start="2025-02-13T12:59:02.715846" elapsed="0.000072"/>
</kw>
<status status="PASS" start="2025-02-13T12:59:02.715669" elapsed="0.000264"/>
</branch>
<branch type="ELSE">
<kw name="Log" owner="BuiltIn">
<arg>${i}-Ganjil</arg>
<doc>Logs the given message with the given level.</doc>
<status status="NOT RUN" start="2025-02-13T12:59:02.715982" elapsed="0.000008"/>
</kw>
<status status="NOT RUN" start="2025-02-13T12:59:02.715946" elapsed="0.000058"/>
</branch>
<status status="PASS" start="2025-02-13T12:59:02.715659" elapsed="0.000354"/>
</if>
<var name="${i}">2</var>
<status status="PASS" start="2025-02-13T12:59:02.715327" elapsed="0.000698"/>
</iter>
<iter>
<kw name="Log" owner="BuiltIn">
<msg time="2025-02-13T12:59:02.716180" level="INFO">Iterasi ke-3</msg>
<arg>Iterasi ke-${i}</arg>
<doc>Logs the given message with the given level.</doc>
<status status="PASS" start="2025-02-13T12:59:02.716128" elapsed="0.000071"/>
</kw>
<kw name="Evaluate" owner="BuiltIn">
<msg time="2025-02-13T12:59:02.716314" level="INFO">${hasil} = 1</msg>
<var>${hasil}</var>
<arg>${i} % 2</arg>
<doc>Evaluates the given expression in Python and returns the result.</doc>
<status status="PASS" start="2025-02-13T12:59:02.716237" elapsed="0.000088"/>
</kw>
<if>
<branch type="IF" condition="${hasil} == ${0}">
<kw name="Log" owner="BuiltIn">
<arg>${i}-Genap</arg>
<doc>Logs the given message with the given level.</doc>
<status status="NOT RUN" start="2025-02-13T12:59:02.716527" elapsed="0.000008"/>
</kw>
<status status="NOT RUN" start="2025-02-13T12:59:02.716355" elapsed="0.000194"/>
</branch>
<branch type="ELSE">
<kw name="Log" owner="BuiltIn">
<msg time="2025-02-13T12:59:02.716644" level="INFO">3-Ganjil</msg>
<arg>${i}-Ganjil</arg>
<doc>Logs the given message with the given level.</doc>
<status status="PASS" start="2025-02-13T12:59:02.716594" elapsed="0.000067"/>
</kw>
<status status="PASS" start="2025-02-13T12:59:02.716560" elapsed="0.000114"/>
</branch>
<status status="PASS" start="2025-02-13T12:59:02.716347" elapsed="0.000336"/>
</if>
<var name="${i}">3</var>
<status status="PASS" start="2025-02-13T12:59:02.716099" elapsed="0.000595"/>
</iter>
<iter>
<kw name="Log" owner="BuiltIn">
<msg time="2025-02-13T12:59:02.716831" level="INFO">Iterasi ke-4</msg>
<arg>Iterasi ke-${i}</arg>
<doc>Logs the given message with the given level.</doc>
<status status="PASS" start="2025-02-13T12:59:02.716782" elapsed="0.000067"/>
</kw>
<kw name="Evaluate" owner="BuiltIn">
<msg time="2025-02-13T12:59:02.716962" level="INFO">${hasil} = 0</msg>
<var>${hasil}</var>
<arg>${i} % 2</arg>
<doc>Evaluates the given expression in Python and returns the result.</doc>
<status status="PASS" start="2025-02-13T12:59:02.716887" elapsed="0.000085"/>
</kw>
<if>
<branch type="IF" condition="${hasil} == ${0}">
<kw name="Log" owner="BuiltIn">
<msg time="2025-02-13T12:59:02.717211" level="INFO">4-Genap</msg>
<arg>${i}-Genap</arg>
<doc>Logs the given message with the given level.</doc>
<status status="PASS" start="2025-02-13T12:59:02.717162" elapsed="0.000066"/>
</kw>
<status status="PASS" start="2025-02-13T12:59:02.717002" elapsed="0.000241"/>
</branch>
<branch type="ELSE">
<kw name="Log" owner="BuiltIn">
<arg>${i}-Ganjil</arg>
<doc>Logs the given message with the given level.</doc>
<status status="NOT RUN" start="2025-02-13T12:59:02.717287" elapsed="0.000008"/>
</kw>
<status status="NOT RUN" start="2025-02-13T12:59:02.717254" elapsed="0.000053"/>
</branch>
<status status="PASS" start="2025-02-13T12:59:02.716994" elapsed="0.000322"/>
</if>
<var name="${i}">4</var>
<status status="PASS" start="2025-02-13T12:59:02.716753" elapsed="0.000574"/>
</iter>
<iter>
<kw name="Log" owner="BuiltIn">
<msg time="2025-02-13T12:59:02.717465" level="INFO">Iterasi ke-5</msg>
<arg>Iterasi ke-${i}</arg>
<doc>Logs the given message with the given level.</doc>
<status status="PASS" start="2025-02-13T12:59:02.717415" elapsed="0.000067"/>
</kw>
<kw name="Evaluate" owner="BuiltIn">
<msg time="2025-02-13T12:59:02.717591" level="INFO">${hasil} = 1</msg>
<var>${hasil}</var>
<arg>${i} % 2</arg>
<doc>Evaluates the given expression in Python and returns the result.</doc>
<status status="PASS" start="2025-02-13T12:59:02.717518" elapsed="0.000084"/>
</kw>
<if>
<branch type="IF" condition="${hasil} == ${0}">
<kw name="Log" owner="BuiltIn">
<arg>${i}-Genap</arg>
<doc>Logs the given message with the given level.</doc>
<status status="NOT RUN" start="2025-02-13T12:59:02.717792" elapsed="0.000008"/>
</kw>
<status status="NOT RUN" start="2025-02-13T12:59:02.717630" elapsed="0.000184"/>
</branch>
<branch type="ELSE">
<kw name="Log" owner="BuiltIn">
<msg time="2025-02-13T12:59:02.717905" level="INFO">5-Ganjil</msg>
<arg>${i}-Ganjil</arg>
<doc>Logs the given message with the given level.</doc>
<status status="PASS" start="2025-02-13T12:59:02.717855" elapsed="0.000067"/>
</kw>
<status status="PASS" start="2025-02-13T12:59:02.717825" elapsed="0.000111"/>
</branch>
<status status="PASS" start="2025-02-13T12:59:02.717622" elapsed="0.000323"/>
</if>
<var name="${i}">5</var>
<status status="PASS" start="2025-02-13T12:59:02.717387" elapsed="0.000569"/>
</iter>
<iter>
<kw name="Log" owner="BuiltIn">
<msg time="2025-02-13T12:59:02.718096" level="INFO">Iterasi ke-6</msg>
<arg>Iterasi ke-${i}</arg>
<doc>Logs the given message with the given level.</doc>
<status status="PASS" start="2025-02-13T12:59:02.718045" elapsed="0.000069"/>
</kw>
<kw name="Evaluate" owner="BuiltIn">
<msg time="2025-02-13T12:59:02.718224" level="INFO">${hasil} = 0</msg>
<var>${hasil}</var>
<arg>${i} % 2</arg>
<doc>Evaluates the given expression in Python and returns the result.</doc>
<status status="PASS" start="2025-02-13T12:59:02.718151" elapsed="0.000119"/>
</kw>
<if>
<branch type="IF" condition="${hasil} == ${0}">
<kw name="Log" owner="BuiltIn">
<msg time="2025-02-13T12:59:02.718510" level="INFO">6-Genap</msg>
<arg>${i}-Genap</arg>
<doc>Logs the given message with the given level.</doc>
<status status="PASS" start="2025-02-13T12:59:02.718461" elapsed="0.000068"/>
</kw>
<status status="PASS" start="2025-02-13T12:59:02.718302" elapsed="0.000241"/>
</branch>
<branch type="ELSE">
<kw name="Log" owner="BuiltIn">
<arg>${i}-Ganjil</arg>
<doc>Logs the given message with the given level.</doc>
<status status="NOT RUN" start="2025-02-13T12:59:02.718588" elapsed="0.000007"/>
</kw>
<status status="NOT RUN" start="2025-02-13T12:59:02.718554" elapsed="0.000054"/>
</branch>
<status status="PASS" start="2025-02-13T12:59:02.718293" elapsed="0.000325"/>
</if>
<var name="${i}">6</var>
<status status="PASS" start="2025-02-13T12:59:02.718016" elapsed="0.000613"/>
</iter>
<iter>
<kw name="Log" owner="BuiltIn">
<msg time="2025-02-13T12:59:02.718766" level="INFO">Iterasi ke-7</msg>
<arg>Iterasi ke-${i}</arg>
<doc>Logs the given message with the given level.</doc>
<status status="PASS" start="2025-02-13T12:59:02.718717" elapsed="0.000067"/>
</kw>
<kw name="Evaluate" owner="BuiltIn">
<msg time="2025-02-13T12:59:02.718893" level="INFO">${hasil} = 1</msg>
<var>${hasil}</var>
<arg>${i} % 2</arg>
<doc>Evaluates the given expression in Python and returns the result.</doc>
<status status="PASS" start="2025-02-13T12:59:02.718821" elapsed="0.000081"/>
</kw>
<if>
<branch type="IF" condition="${hasil} == ${0}">
<kw name="Log" owner="BuiltIn">
<arg>${i}-Genap</arg>
<doc>Logs the given message with the given level.</doc>
<status status="NOT RUN" start="2025-02-13T12:59:02.719086" elapsed="0.000009"/>
</kw>
<status status="NOT RUN" start="2025-02-13T12:59:02.718931" elapsed="0.000178"/>
</branch>
<branch type="ELSE">
<kw name="Log" owner="BuiltIn">
<msg time="2025-02-13T12:59:02.719201" level="INFO">7-Ganjil</msg>
<arg>${i}-Ganjil</arg>
<doc>Logs the given message with the given level.</doc>
<status status="PASS" start="2025-02-13T12:59:02.719153" elapsed="0.000186"/>
</kw>
<status status="PASS" start="2025-02-13T12:59:02.719120" elapsed="0.000264"/>
</branch>
<status status="PASS" start="2025-02-13T12:59:02.718923" elapsed="0.000477"/>
</if>
<var name="${i}">7</var>
<status status="PASS" start="2025-02-13T12:59:02.718689" elapsed="0.000728"/>
</iter>
<iter>
<kw name="Log" owner="BuiltIn">
<msg time="2025-02-13T12:59:02.719673" level="INFO">Iterasi ke-8</msg>
<arg>Iterasi ke-${i}</arg>
<doc>Logs the given message with the given level.</doc>
<status status="PASS" start="2025-02-13T12:59:02.719580" elapsed="0.000119"/>
</kw>
<kw name="Evaluate" owner="BuiltIn">
<msg time="2025-02-13T12:59:02.719867" level="INFO">${hasil} = 0</msg>
<var>${hasil}</var>
<arg>${i} % 2</arg>
<doc>Evaluates the given expression in Python and returns the result.</doc>
<status status="PASS" start="2025-02-13T12:59:02.719749" elapsed="0.000130"/>
</kw>
<if>
<branch type="IF" condition="${hasil} == ${0}">
<kw name="Log" owner="BuiltIn">
<msg time="2025-02-13T12:59:02.720170" level="INFO">8-Genap</msg>
<arg>${i}-Genap</arg>
<doc>Logs the given message with the given level.</doc>
<status status="PASS" start="2025-02-13T12:59:02.720110" elapsed="0.000080"/>
</kw>
<status status="PASS" start="2025-02-13T12:59:02.719915" elapsed="0.000292"/>
</branch>
<branch type="ELSE">
<kw name="Log" owner="BuiltIn">
<arg>${i}-Ganjil</arg>
<doc>Logs the given message with the given level.</doc>
<status status="NOT RUN" start="2025-02-13T12:59:02.720257" elapsed="0.000009"/>
</kw>
<status status="NOT RUN" start="2025-02-13T12:59:02.720219" elapsed="0.000061"/>
</branch>
<status status="PASS" start="2025-02-13T12:59:02.719905" elapsed="0.000384"/>
</if>
<var name="${i}">8</var>
<status status="PASS" start="2025-02-13T12:59:02.719523" elapsed="0.000778"/>
</iter>
<iter>
<kw name="Log" owner="BuiltIn">
<msg time="2025-02-13T12:59:02.720453" level="INFO">Iterasi ke-9</msg>
<arg>Iterasi ke-${i}</arg>
<doc>Logs the given message with the given level.</doc>
<status status="PASS" start="2025-02-13T12:59:02.720398" elapsed="0.000152"/>
</kw>
<kw name="Evaluate" owner="BuiltIn">
<msg time="2025-02-13T12:59:02.720674" level="INFO">${hasil} = 1</msg>
<var>${hasil}</var>
<arg>${i} % 2</arg>
<doc>Evaluates the given expression in Python and returns the result.</doc>
<status status="PASS" start="2025-02-13T12:59:02.720590" elapsed="0.000095"/>
</kw>
<if>
<branch type="IF" condition="${hasil} == ${0}">
<kw name="Log" owner="BuiltIn">
<arg>${i}-Genap</arg>
<doc>Logs the given message with the given level.</doc>
<status status="NOT RUN" start="2025-02-13T12:59:02.720885" elapsed="0.000009"/>
</kw>
<status status="NOT RUN" start="2025-02-13T12:59:02.720717" elapsed="0.000191"/>
</branch>
<branch type="ELSE">
<kw name="Log" owner="BuiltIn">
<msg time="2025-02-13T12:59:02.721004" level="INFO">9-Ganjil</msg>
<arg>${i}-Ganjil</arg>
<doc>Logs the given message with the given level.</doc>
<status status="PASS" start="2025-02-13T12:59:02.720951" elapsed="0.000071"/>
</kw>
<status status="PASS" start="2025-02-13T12:59:02.720919" elapsed="0.000117"/>
</branch>
<status status="PASS" start="2025-02-13T12:59:02.720708" elapsed="0.000338"/>
</if>
<var name="${i}">9</var>
<status status="PASS" start="2025-02-13T12:59:02.720368" elapsed="0.000689"/>
</iter>
<var>${i}</var>
<value>1</value>
<value>10</value>
<status status="PASS" start="2025-02-13T12:59:02.714037" elapsed="0.007032"/>
</for>
<status status="PASS" start="2025-02-13T12:59:02.713859" elapsed="0.007297"/>
</test>
<status status="PASS" start="2025-02-13T12:59:02.697115" elapsed="0.024245"/>
</suite>
<statistics>
<total>
<stat pass="1" fail="0" skip="0">All Tests</stat>
</total>
<tag>
</tag>
<suite>
<stat name="Tugas Rbf Basic Hanif" id="s1" pass="1" fail="0" skip="0">Tugas Rbf Basic Hanif</stat>
</suite>
</statistics>
<errors>
</errors>
</robot>
